# JRE version: OpenJDK Runtime Environment (11.0.15) (build 11.0.15+0-b2043.56-9505619)
# Java VM: OpenJDK 64-Bit Server VM (11.0.15+0-b2043.56-9505619, mixed mode, tiered, compressed oops, g1 gc, windows-amd64)
Heap:
 garbage-first heap   total 120832K, used 25200K [0x00000006e0000000, 0x0000000800000000)
  region size 1024K, 10 young (10240K), 5 survivors (5120K)
 Metaspace       used 26242K, capacity 26968K, committed 27136K, reserved 1073152K
  class space    used 3307K, capacity 3567K, committed 3584K, reserved 1048576K
GC Heap History (8 events):
Event: 0.793 GC heap before
{Heap before GC invocations=0 (full 0):
 garbage-first heap   total 120832K, used 25600K [0x00000006e0000000, 0x0000000800000000)
  region size 1024K, 22 young (22528K), 0 survivors (0K)
 Metaspace       used 7613K, capacity 7802K, committed 7936K, reserved 1056768K
  class space    used 672K, capacity 727K, committed 768K, reserved 1048576K
}
Event: 0.799 GC heap after
{Heap after GC invocations=1 (full 0):
 garbage-first heap   total 120832K, used 10570K [0x00000006e0000000, 0x0000000800000000)
  region size 1024K, 3 young (3072K), 3 survivors (3072K)
 Metaspace       used 7613K, capacity 7802K, committed 7936K, reserved 1056768K
  class space    used 672K, capacity 727K, committed 768K, reserved 1048576K
}
Event: 1.692 GC heap before
{Heap before GC invocations=1 (full 0):
 garbage-first heap   total 120832K, used 80202K [0x00000006e0000000, 0x0000000800000000)
  region size 1024K, 70 young (71680K), 3 survivors (3072K)
 Metaspace       used 11757K, capacity 12028K, committed 12288K, reserved 1060864K
  class space    used 1208K, capacity 1266K, committed 1280K, reserved 1048576K
}
Event: 1.700 GC heap after
{Heap after GC invocations=2 (full 0):
 garbage-first heap   total 120832K, used 16188K [0x00000006e0000000, 0x0000000800000000)
  region size 1024K, 9 young (9216K), 9 survivors (9216K)
 Metaspace       used 11757K, capacity 12028K, committed 12288K, reserved 1060864K
  class space    used 1208K, capacity 1266K, committed 1280K, reserved 1048576K
}
Event: 2.692 GC heap before
{Heap before GC invocations=2 (full 0):
 garbage-first heap   total 120832K, used 69436K [0x00000006e0000000, 0x0000000800000000)
  region size 1024K, 62 young (63488K), 9 survivors (9216K)
 Metaspace       used 20675K, capacity 21184K, committed 21248K, reserved 1069056K
  class space    used 2393K, capacity 2545K, committed 2560K, reserved 1048576K
}
Event: 2.700 GC heap after
{Heap after GC invocations=3 (full 0):
 garbage-first heap   total 120832K, used 19401K [0x00000006e0000000, 0x0000000800000000)
  region size 1024K, 3 young (3072K), 3 survivors (3072K)
 Metaspace       used 20675K, capacity 21184K, committed 21248K, reserved 1069056K
  class space    used 2393K, capacity 2545K, committed 2560K, reserved 1048576K
}
Event: 3.225 GC heap before
{Heap before GC invocations=4 (full 0):
 garbage-first heap   total 120832K, used 83913K [0x00000006e0000000, 0x0000000800000000)
  region size 1024K, 66 young (67584K), 3 survivors (3072K)
 Metaspace       used 26011K, capacity 26676K, committed 26880K, reserved 1073152K
  class space    used 3269K, capacity 3534K, committed 3584K, reserved 1048576K
}
Event: 3.228 GC heap after
{Heap after GC invocations=5 (full 0):
 garbage-first heap   total 120832K, used 21104K [0x00000006e0000000, 0x0000000800000000)
  region size 1024K, 5 young (5120K), 5 survivors (5120K)
 Metaspace       used 26011K, capacity 26676K, committed 26880K, reserved 1073152K
  class space    used 3269K, capacity 3534K, committed 3584K, reserved 1048576K
}

