# JRE version: OpenJDK Runtime Environment (11.0.15) (build 11.0.15+0-b2043.56-9505619)
# Java VM: OpenJDK 64-Bit Server VM (11.0.15+0-b2043.56-9505619, mixed mode, tiered, compressed oops, g1 gc, windows-amd64)
Heap:
 garbage-first heap   total 422912K, used 59895K [0x00000006e0000000, 0x0000000800000000)
  region size 1024K, 6 young (6144K), 6 survivors (6144K)
 Metaspace       used 72833K, capacity 74973K, committed 75168K, reserved 1114112K
  class space    used 9017K, capacity 9846K, committed 9984K, reserved 1048576K
GC Heap History (20 events):
Event: 109.514 GC heap after
{Heap after GC invocations=35 (full 0):
 garbage-first heap   total 120832K, used 59193K [0x00000006e0000000, 0x0000000800000000)
  region size 1024K, 4 young (4096K), 4 survivors (4096K)
 Metaspace       used 72790K, capacity 74965K, committed 75168K, reserved 1114112K
  class space    used 9017K, capacity 9846K, committed 9984K, reserved 1048576K
}
Event: 109.562 GC heap before
{Heap before GC invocations=35 (full 0):
 garbage-first heap   total 120832K, used 103225K [0x00000006e0000000, 0x0000000800000000)
  region size 1024K, 48 young (49152K), 4 survivors (4096K)
 Metaspace       used 72790K, capacity 74965K, committed 75168K, reserved 1114112K
  class space    used 9017K, capacity 9846K, committed 9984K, reserved 1048576K
}
Event: 109.567 GC heap after
{Heap after GC invocations=36 (full 0):
 garbage-first heap   total 120832K, used 59651K [0x00000006e0000000, 0x0000000800000000)
  region size 1024K, 4 young (4096K), 4 survivors (4096K)
 Metaspace       used 72790K, capacity 74965K, committed 75168K, reserved 1114112K
  class space    used 9017K, capacity 9846K, committed 9984K, reserved 1048576K
}
Event: 109.670 GC heap before
{Heap before GC invocations=37 (full 0):
 garbage-first heap   total 120832K, used 102659K [0x00000006e0000000, 0x0000000800000000)
  region size 1024K, 47 young (48128K), 4 survivors (4096K)
 Metaspace       used 72790K, capacity 74965K, committed 75168K, reserved 1114112K
  class space    used 9017K, capacity 9846K, committed 9984K, reserved 1048576K
}
Event: 109.676 GC heap after
{Heap after GC invocations=38 (full 0):
 garbage-first heap   total 181248K, used 60028K [0x00000006e0000000, 0x0000000800000000)
  region size 1024K, 4 young (4096K), 4 survivors (4096K)
 Metaspace       used 72790K, capacity 74965K, committed 75168K, reserved 1114112K
  class space    used 9017K, capacity 9846K, committed 9984K, reserved 1048576K
}
Event: 109.797 GC heap before
{Heap before GC invocations=38 (full 0):
 garbage-first heap   total 181248K, used 136828K [0x00000006e0000000, 0x0000000800000000)
  region size 1024K, 79 young (80896K), 4 survivors (4096K)
 Metaspace       used 72804K, capacity 74968K, committed 75168K, reserved 1114112K
  class space    used 9017K, capacity 9846K, committed 9984K, reserved 1048576K
}
Event: 109.801 GC heap after
{Heap after GC invocations=39 (full 0):
 garbage-first heap   total 181248K, used 60291K [0x00000006e0000000, 0x0000000800000000)
  region size 1024K, 4 young (4096K), 4 survivors (4096K)
 Metaspace       used 72804K, capacity 74968K, committed 75168K, reserved 1114112K
  class space    used 9017K, capacity 9846K, committed 9984K, reserved 1048576K
}
Event: 109.902 GC heap before
{Heap before GC invocations=39 (full 0):
 garbage-first heap   total 181248K, used 142211K [0x00000006e0000000, 0x0000000800000000)
  region size 1024K, 85 young (87040K), 4 survivors (4096K)
 Metaspace       used 72806K, capacity 74968K, committed 75168K, reserved 1114112K
  class space    used 9017K, capacity 9846K, committed 9984K, reserved 1048576K
}
Event: 109.905 GC heap after
{Heap after GC invocations=40 (full 0):
 garbage-first heap   total 181248K, used 60773K [0x00000006e0000000, 0x0000000800000000)
  region size 1024K, 5 young (5120K), 5 survivors (5120K)
 Metaspace       used 72806K, capacity 74968K, committed 75168K, reserved 1114112K
  class space    used 9017K, capacity 9846K, committed 9984K, reserved 1048576K
}
Event: 110.006 GC heap before
{Heap before GC invocations=40 (full 0):
 garbage-first heap   total 181248K, used 144741K [0x00000006e0000000, 0x0000000800000000)
  region size 1024K, 87 young (89088K), 5 survivors (5120K)
 Metaspace       used 72818K, capacity 74973K, committed 75168K, reserved 1114112K
  class space    used 9017K, capacity 9846K, committed 9984K, reserved 1048576K
}
Event: 110.010 GC heap after
{Heap after GC invocations=41 (full 0):
 garbage-first heap   total 181248K, used 63153K [0x00000006e0000000, 0x0000000800000000)
  region size 1024K, 6 young (6144K), 6 survivors (6144K)
 Metaspace       used 72818K, capacity 74973K, committed 75168K, reserved 1114112K
  class space    used 9017K, capacity 9846K, committed 9984K, reserved 1048576K
}
Event: 110.115 GC heap before
{Heap before GC invocations=41 (full 0):
 garbage-first heap   total 181248K, used 148145K [0x00000006e0000000, 0x0000000800000000)
  region size 1024K, 89 young (91136K), 6 survivors (6144K)
 Metaspace       used 72820K, capacity 74973K, committed 75168K, reserved 1114112K
  class space    used 9017K, capacity 9846K, committed 9984K, reserved 1048576K
}
Event: 110.121 GC heap after
{Heap after GC invocations=42 (full 0):
 garbage-first heap   total 277504K, used 63456K [0x00000006e0000000, 0x0000000800000000)
  region size 1024K, 6 young (6144K), 6 survivors (6144K)
 Metaspace       used 72820K, capacity 74973K, committed 75168K, reserved 1114112K
  class space    used 9017K, capacity 9846K, committed 9984K, reserved 1048576K
}
Event: 110.401 GC heap before
{Heap before GC invocations=42 (full 0):
 garbage-first heap   total 277504K, used 200672K [0x00000006e0000000, 0x0000000800000000)
  region size 1024K, 140 young (143360K), 6 survivors (6144K)
 Metaspace       used 72823K, capacity 74973K, committed 75168K, reserved 1114112K
  class space    used 9017K, capacity 9846K, committed 9984K, reserved 1048576K
}
Event: 110.407 GC heap after
{Heap after GC invocations=43 (full 0):
 garbage-first heap   total 277504K, used 64388K [0x00000006e0000000, 0x0000000800000000)
  region size 1024K, 7 young (7168K), 7 survivors (7168K)
 Metaspace       used 72823K, capacity 74973K, committed 75168K, reserved 1114112K
  class space    used 9017K, capacity 9846K, committed 9984K, reserved 1048576K
}
Event: 110.568 GC heap before
{Heap before GC invocations=43 (full 0):
 garbage-first heap   total 277504K, used 211844K [0x00000006e0000000, 0x0000000800000000)
  region size 1024K, 151 young (154624K), 7 survivors (7168K)
 Metaspace       used 72824K, capacity 74973K, committed 75168K, reserved 1114112K
  class space    used 9017K, capacity 9846K, committed 9984K, reserved 1048576K
}
Event: 110.574 GC heap after
{Heap after GC invocations=44 (full 0):
 garbage-first heap   total 277504K, used 65618K [0x00000006e0000000, 0x0000000800000000)
  region size 1024K, 8 young (8192K), 8 survivors (8192K)
 Metaspace       used 72824K, capacity 74973K, committed 75168K, reserved 1114112K
  class space    used 9017K, capacity 9846K, committed 9984K, reserved 1048576K
}
Event: 110.840 GC heap before
{Heap before GC invocations=44 (full 0):
 garbage-first heap   total 277504K, used 220242K [0x00000006e0000000, 0x0000000800000000)
  region size 1024K, 159 young (162816K), 8 survivors (8192K)
 Metaspace       used 72829K, capacity 74973K, committed 75168K, reserved 1114112K
  class space    used 9017K, capacity 9846K, committed 9984K, reserved 1048576K
}
Event: 110.845 GC heap after
{Heap after GC invocations=45 (full 0):
 garbage-first heap   total 277504K, used 68082K [0x00000006e0000000, 0x0000000800000000)
  region size 1024K, 10 young (10240K), 10 survivors (10240K)
 Metaspace       used 72829K, capacity 74973K, committed 75168K, reserved 1114112K
  class space    used 9017K, capacity 9846K, committed 9984K, reserved 1048576K
}
Event: 111.058 GC heap before
{Heap before GC invocations=45 (full 0):
 garbage-first heap   total 277504K, used 223730K [0x00000006e0000000, 0x0000000800000000)
  region size 1024K, 162 young (165888K), 10 survivors (10240K)
 Metaspace       used 72833K, capacity 74973K, committed 75168K, reserved 1114112K
  class space    used 9017K, capacity 9846K, committed 9984K, reserved 1048576K
}

